  DXUT.cpp
C:\Program Files (x86)\Microsoft DirectX SDK (June 2010)\Include\dxgitype.h(12,1): warning C4005: 'DXGI_STATUS_OCCLUDED': 매크로 재정의
C:\Program Files (x86)\Windows Kits\10\Include\10.0.18362.0\shared\winerror.h(55840): message : 'DXGI_STATUS_OCCLUDED'의 이전 정의를 참조하십시오.
C:\Program Files (x86)\Microsoft DirectX SDK (June 2010)\Include\dxgitype.h(13,1): warning C4005: 'DXGI_STATUS_CLIPPED': 매크로 재정의
C:\Program Files (x86)\Windows Kits\10\Include\10.0.18362.0\shared\winerror.h(55849): message : 'DXGI_STATUS_CLIPPED'의 이전 정의를 참조하십시오.
C:\Program Files (x86)\Microsoft DirectX SDK (June 2010)\Include\dxgitype.h(14,1): warning C4005: 'DXGI_STATUS_NO_REDIRECTION': 매크로 재정의
C:\Program Files (x86)\Windows Kits\10\Include\10.0.18362.0\shared\winerror.h(55858): message : 'DXGI_STATUS_NO_REDIRECTION'의 이전 정의를 참조하십시오.
C:\Program Files (x86)\Microsoft DirectX SDK (June 2010)\Include\dxgitype.h(15,1): warning C4005: 'DXGI_STATUS_NO_DESKTOP_ACCESS': 매크로 재정의
C:\Program Files (x86)\Windows Kits\10\Include\10.0.18362.0\shared\winerror.h(55867): message : 'DXGI_STATUS_NO_DESKTOP_ACCESS'의 이전 정의를 참조하십시오.
C:\Program Files (x86)\Microsoft DirectX SDK (June 2010)\Include\dxgitype.h(16,1): warning C4005: 'DXGI_STATUS_GRAPHICS_VIDPN_SOURCE_IN_USE': 매크로 재정의
C:\Program Files (x86)\Windows Kits\10\Include\10.0.18362.0\shared\winerror.h(55876): message : 'DXGI_STATUS_GRAPHICS_VIDPN_SOURCE_IN_USE'의 이전 정의를 참조하십시오.
C:\Program Files (x86)\Microsoft DirectX SDK (June 2010)\Include\dxgitype.h(17,1): warning C4005: 'DXGI_STATUS_MODE_CHANGED': 매크로 재정의
C:\Program Files (x86)\Windows Kits\10\Include\10.0.18362.0\shared\winerror.h(55885): message : 'DXGI_STATUS_MODE_CHANGED'의 이전 정의를 참조하십시오.
C:\Program Files (x86)\Microsoft DirectX SDK (June 2010)\Include\dxgitype.h(18,1): warning C4005: 'DXGI_STATUS_MODE_CHANGE_IN_PROGRESS': 매크로 재정의
C:\Program Files (x86)\Windows Kits\10\Include\10.0.18362.0\shared\winerror.h(55894): message : 'DXGI_STATUS_MODE_CHANGE_IN_PROGRESS'의 이전 정의를 참조하십시오.
C:\Program Files (x86)\Microsoft DirectX SDK (June 2010)\Include\dxgitype.h(21,1): warning C4005: 'DXGI_ERROR_INVALID_CALL': 매크로 재정의
C:\Program Files (x86)\Windows Kits\10\Include\10.0.18362.0\shared\winerror.h(55909): message : 'DXGI_ERROR_INVALID_CALL'의 이전 정의를 참조하십시오.
C:\Program Files (x86)\Microsoft DirectX SDK (June 2010)\Include\dxgitype.h(22,1): warning C4005: 'DXGI_ERROR_NOT_FOUND': 매크로 재정의
C:\Program Files (x86)\Windows Kits\10\Include\10.0.18362.0\shared\winerror.h(55918): message : 'DXGI_ERROR_NOT_FOUND'의 이전 정의를 참조하십시오.
C:\Program Files (x86)\Microsoft DirectX SDK (June 2010)\Include\dxgitype.h(23,1): warning C4005: 'DXGI_ERROR_MORE_DATA': 매크로 재정의
C:\Program Files (x86)\Windows Kits\10\Include\10.0.18362.0\shared\winerror.h(55927): message : 'DXGI_ERROR_MORE_DATA'의 이전 정의를 참조하십시오.
C:\Program Files (x86)\Microsoft DirectX SDK (June 2010)\Include\dxgitype.h(24,1): warning C4005: 'DXGI_ERROR_UNSUPPORTED': 매크로 재정의
C:\Program Files (x86)\Windows Kits\10\Include\10.0.18362.0\shared\winerror.h(55936): message : 'DXGI_ERROR_UNSUPPORTED'의 이전 정의를 참조하십시오.
C:\Program Files (x86)\Microsoft DirectX SDK (June 2010)\Include\dxgitype.h(25,1): warning C4005: 'DXGI_ERROR_DEVICE_REMOVED': 매크로 재정의
C:\Program Files (x86)\Windows Kits\10\Include\10.0.18362.0\shared\winerror.h(55945): message : 'DXGI_ERROR_DEVICE_REMOVED'의 이전 정의를 참조하십시오.
C:\Program Files (x86)\Microsoft DirectX SDK (June 2010)\Include\dxgitype.h(26,1): warning C4005: 'DXGI_ERROR_DEVICE_HUNG': 매크로 재정의
C:\Program Files (x86)\Windows Kits\10\Include\10.0.18362.0\shared\winerror.h(55954): message : 'DXGI_ERROR_DEVICE_HUNG'의 이전 정의를 참조하십시오.
C:\Program Files (x86)\Microsoft DirectX SDK (June 2010)\Include\dxgitype.h(27,1): warning C4005: 'DXGI_ERROR_DEVICE_RESET': 매크로 재정의
C:\Program Files (x86)\Windows Kits\10\Include\10.0.18362.0\shared\winerror.h(55964): message : 'DXGI_ERROR_DEVICE_RESET'의 이전 정의를 참조하십시오.
C:\Program Files (x86)\Microsoft DirectX SDK (June 2010)\Include\dxgitype.h(28,1): warning C4005: 'DXGI_ERROR_WAS_STILL_DRAWING': 매크로 재정의
C:\Program Files (x86)\Windows Kits\10\Include\10.0.18362.0\shared\winerror.h(55973): message : 'DXGI_ERROR_WAS_STILL_DRAWING'의 이전 정의를 참조하십시오.
C:\Program Files (x86)\Microsoft DirectX SDK (June 2010)\Include\dxgitype.h(29,1): warning C4005: 'DXGI_ERROR_FRAME_STATISTICS_DISJOINT': 매크로 재정의
C:\Program Files (x86)\Windows Kits\10\Include\10.0.18362.0\shared\winerror.h(55983): message : 'DXGI_ERROR_FRAME_STATISTICS_DISJOINT'의 이전 정의를 참조하십시오.
C:\Program Files (x86)\Microsoft DirectX SDK (June 2010)\Include\dxgitype.h(30,1): warning C4005: 'DXGI_ERROR_GRAPHICS_VIDPN_SOURCE_IN_USE': 매크로 재정의
C:\Program Files (x86)\Windows Kits\10\Include\10.0.18362.0\shared\winerror.h(55992): message : 'DXGI_ERROR_GRAPHICS_VIDPN_SOURCE_IN_USE'의 이전 정의를 참조하십시오.
C:\Program Files (x86)\Microsoft DirectX SDK (June 2010)\Include\dxgitype.h(31,1): warning C4005: 'DXGI_ERROR_DRIVER_INTERNAL_ERROR': 매크로 재정의
C:\Program Files (x86)\Windows Kits\10\Include\10.0.18362.0\shared\winerror.h(56002): message : 'DXGI_ERROR_DRIVER_INTERNAL_ERROR'의 이전 정의를 참조하십시오.
C:\Program Files (x86)\Microsoft DirectX SDK (June 2010)\Include\dxgitype.h(32,1): warning C4005: 'DXGI_ERROR_NONEXCLUSIVE': 매크로 재정의
C:\Program Files (x86)\Windows Kits\10\Include\10.0.18362.0\shared\winerror.h(56011): message : 'DXGI_ERROR_NONEXCLUSIVE'의 이전 정의를 참조하십시오.
C:\Program Files (x86)\Microsoft DirectX SDK (June 2010)\Include\dxgitype.h(33,1): warning C4005: 'DXGI_ERROR_NOT_CURRENTLY_AVAILABLE': 매크로 재정의
C:\Program Files (x86)\Windows Kits\10\Include\10.0.18362.0\shared\winerror.h(56020): message : 'DXGI_ERROR_NOT_CURRENTLY_AVAILABLE'의 이전 정의를 참조하십시오.
C:\Program Files (x86)\Microsoft DirectX SDK (June 2010)\Include\dxgitype.h(34,1): warning C4005: 'DXGI_ERROR_REMOTE_CLIENT_DISCONNECTED': 매크로 재정의
C:\Program Files (x86)\Windows Kits\10\Include\10.0.18362.0\shared\winerror.h(56030): message : 'DXGI_ERROR_REMOTE_CLIENT_DISCONNECTED'의 이전 정의를 참조하십시오.
C:\Program Files (x86)\Microsoft DirectX SDK (June 2010)\Include\dxgitype.h(35,1): warning C4005: 'DXGI_ERROR_REMOTE_OUTOFMEMORY': 매크로 재정의
C:\Program Files (x86)\Windows Kits\10\Include\10.0.18362.0\shared\winerror.h(56039): message : 'DXGI_ERROR_REMOTE_OUTOFMEMORY'의 이전 정의를 참조하십시오.
C:\Program Files (x86)\Microsoft DirectX SDK (June 2010)\Include\d3d10.h(608,1): warning C4005: 'D3D10_ERROR_TOO_MANY_UNIQUE_STATE_OBJECTS': 매크로 재정의
C:\Program Files (x86)\Windows Kits\10\Include\10.0.18362.0\shared\winerror.h(56279): message : 'D3D10_ERROR_TOO_MANY_UNIQUE_STATE_OBJECTS'의 이전 정의를 참조하십시오.
C:\Program Files (x86)\Microsoft DirectX SDK (June 2010)\Include\d3d10.h(609,1): warning C4005: 'D3D10_ERROR_FILE_NOT_FOUND': 매크로 재정의
C:\Program Files (x86)\Windows Kits\10\Include\10.0.18362.0\shared\winerror.h(56288): message : 'D3D10_ERROR_FILE_NOT_FOUND'의 이전 정의를 참조하십시오.
D:\Github\HLSL_DirectX\MyFramework\DXFrameworks\DXUT\Core\DXUT.cpp(696,131): warning C4838: 'UINT'에서 'LONG'(으)로의 변환에는 축소 변환이 필요합니다.
D:\Github\HLSL_DirectX\MyFramework\DXFrameworks\DXUT\Core\DXUT.cpp(696,187): warning C4838: 'UINT'에서 'LONG'(으)로의 변환에는 축소 변환이 필요합니다.
D:\Github\HLSL_DirectX\MyFramework\DXFrameworks\DXUT\Core\DXUT.cpp(697,135): warning C4838: 'UINT'에서 'LONG'(으)로의 변환에는 축소 변환이 필요합니다.
D:\Github\HLSL_DirectX\MyFramework\DXFrameworks\DXUT\Core\DXUT.cpp(697,195): warning C4838: 'UINT'에서 'LONG'(으)로의 변환에는 축소 변환이 필요합니다.
D:\Github\HLSL_DirectX\MyFramework\DXFrameworks\DXUT\Core\DXUT.cpp(4961,13): warning C4996: 'GetVersionExW': deprecated로 선언되었습니다.
  Base.cpp
  Mesh.cpp
D:\Github\HLSL_DirectX\MyFramework\DXFrameworks\Mesh.cpp(17,3): warning C5205: 비가상 소멸자가 포함된 추상 클래스 'ID3DXMesh'을(를) 삭제하면 정의되지 않은 동작이 발생합니다.
C:\Program Files (x86)\Microsoft DirectX SDK (June 2010)\Include\d3dx9mesh.h(285): message : 'ID3DXMesh' 선언을 참조하십시오.
D:\Github\HLSL_DirectX\MyFramework\DXFrameworks\Mesh.cpp(28,51): warning C4244: '인수': 'float'에서 'UINT'(으)로 변환하면서 데이터가 손실될 수 있습니다.
D:\Github\HLSL_DirectX\MyFramework\DXFrameworks\Mesh.cpp(28,44): warning C4244: '인수': 'float'에서 'UINT'(으)로 변환하면서 데이터가 손실될 수 있습니다.
  Resources.cpp
  Shader.cpp
  Singleton.cpp
  Texture.cpp
D:\Github\HLSL_DirectX\MyFramework\DXFrameworks\Texture.cpp(12,3): warning C5205: 비가상 소멸자가 포함된 추상 클래스 'IDirect3DTexture9'을(를) 삭제하면 정의되지 않은 동작이 발생합니다.
C:\Program Files (x86)\Microsoft DirectX SDK (June 2010)\Include\d3d9.h(1216): message : 'IDirect3DTexture9' 선언을 참조하십시오.
  Util.cpp
D:\Github\HLSL_DirectX\MyFramework\DXFrameworks\Util.cpp(12,35): warning C4458: 'num' 선언은 클래스 멤버를 숨깁니다.
D:\Github\HLSL_DirectX\MyFramework\DXFrameworks\Util.h(19,6): message : 'Util::num' 선언을 참조하십시오.
D:\Github\HLSL_DirectX\MyFramework\DXFrameworks\Util.cpp(34,24): warning C4244: '인수': 'int'에서 'BYTE'(으)로 변환하면서 데이터가 손실될 수 있습니다.
  DXUTenum.cpp
  DXUTmisc.cpp
D:\Github\HLSL_DirectX\MyFramework\DXFrameworks\DXUT\Core\DXUTmisc.cpp(1263,13): warning C4996: 'GetVersionExA': deprecated로 선언되었습니다.
  DXUTcamera.cpp
  DXUTgui.cpp
D:\Github\HLSL_DirectX\MyFramework\DXFrameworks\DXUT\Optional\DXUTgui.cpp(6846,37): warning C4458: 'iTexture' 선언은 클래스 멤버를 숨깁니다.
D:\Github\HLSL_DirectX\MyFramework\DXFrameworks\DXUT\Optional\DXUTgui.h(109,10): message : 'CDXUTElement::iTexture' 선언을 참조하십시오.
D:\Github\HLSL_DirectX\MyFramework\DXFrameworks\DXUT\Optional\DXUTgui.cpp(6860,34): warning C4458: 'iFont' 선언은 클래스 멤버를 숨깁니다.
D:\Github\HLSL_DirectX\MyFramework\DXFrameworks\DXUT\Optional\DXUTgui.h(110,10): message : 'CDXUTElement::iFont' 선언을 참조하십시오.
D:\Github\HLSL_DirectX\MyFramework\DXFrameworks\DXUT\Optional\DXUTgui.cpp(6860,74): warning C4458: 'dwTextFormat' 선언은 클래스 멤버를 숨깁니다.
D:\Github\HLSL_DirectX\MyFramework\DXFrameworks\DXUT\Optional\DXUTgui.h(111,11): message : 'CDXUTElement::dwTextFormat' 선언을 참조하십시오.
  DXUTres.cpp
  DXUTsettingsdlg.cpp
  SDKmesh.cpp
  SDKmisc.cpp
  DXFrameworks.cpp
  코드를 생성하고 있습니다...
D:\Github\HLSL_DirectX\MyFramework\DXFrameworks\DXFrameworks.cpp(205): warning C4701: 초기화되지 않았을 수 있는 'effect' 지역 변수를 사용했습니다.
D:\Github\HLSL_DirectX\MyFramework\DXFrameworks\DXFrameworks.cpp(205): warning C4703: 초기화되지 않았을 수 있는 로컬 포인터 변수 'effect'이(가) 사용되었습니다.
Base.obj : warning LNK4075: '/EDITANDCONTINUE'이(가) '/SAFESEH' 사양으로 인해 무시됩니다.
  DXFrameworks_2010.vcxproj -> D:\Github\HLSL_DirectX\MyFramework\DXFrameworks\Debug\DXFrameworks.exe
